2018-03-01 17:10:35,919 p=4579 u=kevin |  - downloading role 'robertdebock_java', owned by tnluu
2018-03-01 17:10:43,029 p=4579 u=kevin |  - downloading role from https://github.com/tnluu/robertdebock.java/archive/master.tar.gz
2018-03-01 17:10:51,737 p=4579 u=kevin |  - extracting tnluu.robertdebock_java to /Users/kevin/workspace/github/eshop-ansible/roles/tnluu.robertdebock_java
2018-03-01 17:10:51,757 p=4579 u=kevin |  - tnluu.robertdebock_java (master) was installed successfully
2018-03-01 17:10:51,758 p=4579 u=kevin |  - adding dependency: robertdebock.bootstrap
2018-03-01 17:10:55,932 p=4579 u=kevin |  - downloading role 'bootstrap', owned by robertdebock
2018-03-01 17:11:02,317 p=4579 u=kevin |  - downloading role from https://github.com/robertdebock/ansible-role-bootstrap/archive/2018.02.28.tar.gz
2018-03-01 17:11:11,465 p=4579 u=kevin |  - extracting robertdebock.bootstrap to /Users/kevin/workspace/github/eshop-ansible/roles/robertdebock.bootstrap
2018-03-01 17:11:11,482 p=4579 u=kevin |  - robertdebock.bootstrap (2018.02.28) was installed successfully
2018-03-01 17:11:48,128 p=6318 u=kevin |  ERROR! Missing required action
2018-03-01 17:12:16,136 p=6980 u=kevin |  ERROR! Missing one or more arguments. Expected: github_user github_repo
2018-03-01 17:17:04,573 p=13657 u=kevin |  - downloading role 'maven', owned by robdyke
2018-03-01 17:17:10,081 p=13657 u=kevin |  - downloading role from https://github.com/robdyke/ansible-maven/archive/0.1.3.tar.gz
2018-03-01 17:17:18,424 p=13657 u=kevin |  - extracting robdyke.maven to /Users/kevin/workspace/github/eshop-ansible/roles/robdyke.maven
2018-03-01 17:17:18,431 p=13657 u=kevin |  - robdyke.maven (0.1.3) was installed successfully
2018-03-01 18:00:10,329 p=71834 u=kevin |  - downloading role 'mysql', owned by bennojoy
2018-03-01 18:00:14,733 p=71834 u=kevin |  - downloading role from https://github.com/bennojoy/mysql/archive/master.tar.gz
2018-03-01 18:00:21,530 p=71834 u=kevin |  - extracting bennojoy.mysql to /Users/kevin/workspace/github/eshop-ansible/roles/bennojoy.mysql
2018-03-01 18:00:21,538 p=71834 u=kevin |  - bennojoy.mysql (master) was installed successfully
2018-03-01 18:17:45,872 p=94179 u=kevin |  ERROR! Unable to load data from the requirements file: roles.yml
